wbk01.htm
wbk02.htm
wbk03.htm
wbk04.htm
wbk05.htm
wbk06.htm
wbk07.htm
wbk08.htm
wbk09.htm
wbk10.htm
wbk11.htm
wbk12.htm
wbk13.htm
wbk14.htm
wbk15.htm
wbk16.htm
wbk17.htm
wbk18.htm
wbk19.htm
wbk20.htm
wbk21.htm
wbk22.htm
wbk23.htm
wbk24.htm
wbk25.htm
wbk26.htm
wbk27.htm
wbk28.htm
wbk29.htm
wbk30.htm
wbk31.htm
wbk32.htm
wbk33.htm
wbk34.htm
wbk35.htm
wbk36.htm
wbk37.htm
wbk38.htm
wbk39.htm
wbk40.htm
wbk41.htm
wbk42.htm
wbk43.htm
wbk44.htm
wbk45.htm
wbk46.htm
wbk47.htm
wbk48.htm
wbk49.htm
wbk50.htm
wbk51.htm
wbk52.htm
wbk53.htm
wbk54.htm
wbk55.htm
wbk56.htm
wbk57.htm
wbk58.htm
wbk59.htm
wbk60.htm
wbk61.htm
wbk62.htm
wbk63.htm
wbk64.htm
wbk65.htm
wbk66.htm
wbk67.htm
wbk68.htm
wbk69.htm
wbk70.htm
wbk71.htm
wbk72.htm
wbk73.htm
wbk74.htm
wbk75.htm
wbk76.htm
wbk77.htm
wbk78.htm
wbk79.htm
wbk80.htm
wbk81.htm
wbk82.htm
wbk83.htm
wbk84.htm
wbk85.htm
wbk86.htm
wbk87.htm
wbk88.htm
wbk89.htm
wbk90.htm
wbk91.htm
wbk92.htm
wbk93.htm
wbk94.htm
wbk95.htm
wbk96.htm
wbk97.htm
wbk98.htm
wbk99.htm
wbk100.htm
wbk101.htm
wbk102.htm
wbk103.htm
wbk104.htm
wbk105.htm
wbk106.htm
wbk107.htm
wbk108.htm
wbk109.htm
wbk110.htm
wbk111.htm
wbk112.htm
wbk113.htm
wbk114.htm
wbk115.htm
wbk116.htm
wbk117.htm
wbk118.htm
wbk119.htm
wbk120.htm
wbk121.htm
wbk122.htm
wbk123.htm
wbk124.htm
wbk125.htm
wbk126.htm
wbk127.htm
wbk128.htm
wbk129.htm
wbk130.htm
wbk131.htm
wbk132.htm
wbk133.htm
wbk134.htm
wbk135.htm
wbk136.htm
wbk137.htm
wbk138.htm
wbk139.htm
wbk140.htm
wbk141.htm
wbk142.htm
wbk143.htm
wbk144.htm
wbk145.htm
wbk146.htm
wbk147.htm
wbk148.htm
wbk149.htm
wbk150.htm
wbk151.htm
wbk152.htm
wbk153.htm
wbk154.htm
wbk155.htm
wbk156.htm
wbk157.htm
wbk158.htm
wbk159.htm
wbk160.htm
wbk161.htm
wbk162.htm
wbk163.htm
wbk164.htm
wbk165.htm
wbk166.htm
wbk167.htm
wbk168.htm
wbk169.htm
wbk170.htm
wbk171.htm
wbk172.htm
wbk173.htm
wbk174.htm
wbk175.htm
wbk176.htm
wbk177.htm
wbk178.htm
wbk179.htm
wbk180.htm
wbk181.htm
wbk182.htm
wbk183.htm
wbk184.htm
wbk185.htm
wbk186.htm
wbk187.htm
wbk188.htm
wbk189.htm
wbk190.htm
wbk191.htm
wbk192.htm
wbk193.htm
wbk194.htm
wbk195.htm
wbk196.htm
wbk197.htm
wbk198.htm
wbk199.htm
wbk200.htm
wbk201.htm
wbk202.htm
wbk203.htm
wbk204.htm
wbk205.htm
wbk206.htm
wbk207.htm
wbk208.htm
wbk209.htm
wbk210.htm
wbk211.htm
wbk212.htm
wbk213.htm
wbk214.htm
wbk215.htm
wbk216.htm
wbk217.htm
wbk218.htm
wbk219.htm
wbk220.htm
wbk221.htm
wbk222.htm
wbk223.htm
wbk224.htm
wbk225.htm
wbk226.htm
wbk227.htm
wbk228.htm
wbk229.htm
wbk230.htm
wbk231.htm
wbk232.htm
wbk233.htm
wbk234.htm
wbk235.htm
wbk236.htm
wbk237.htm
wbk238.htm
wbk239.htm
wbk240.htm
wbk241.htm
wbk242.htm
wbk243.htm
wbk244.htm
wbk245.htm
wbk246.htm
wbk247.htm
wbk248.htm
wbk249.htm
wbk250.htm
wbk251.htm
wbk252.htm
wbk253.htm
wbk254.htm
wbk255.htm
wbk256.htm
wbk257.htm
wbk258.htm
wbk259.htm
wbk260.htm
wbk261.htm
wbk262.htm
wbk263.htm
wbk264.htm
wbk265.htm
wbk266.htm
wbk267.htm
wbk268.htm
wbk269.htm
wbk270.htm
wbk271.htm
wbk272.htm
wbk273.htm
wbk274.htm
wbk275.htm
wbk276.htm
wbk277.htm
wbk278.htm
wbk279.htm
wbk280.htm
wbk281.htm
wbk282.htm','wbk282','width=500
height=720,resizable=yes,menubar=no,scrollbars=yes,toolbar=no')">282</a>
<a
href="javascript:void(0)"
ONCLICK="window.open('wbk283.htm
wbk284.htm
wbk285.htm
wbk286.htm
wbk287.htm
wbk288.htm
wbk289.htm
wbk290.htm
wbk291.htm
wbk292.htm
wbk293.htm
wbk294.htm
wbk295.htm
wbk296.htm
wbk297.htm
wbk298.htm
wbk299.htm
wbk300.htm
wbk301.htm
wbk302.htm
wbk303.htm
wbk304.htm
wbk305.htm
wbk306.htm
wbk307.htm
wbk308.htm
wbk309.htm
wbk310.htm
wbk311.htm
wbk312.htm
wbk313.htm
wbk314.htm
wbk315.htm
wbk316.htm
wbk317.htm
wbk318.htm
wbk319.htm
wbk320.htm
wbk321.htm
wbk322.htm
wbk323.htm
wbk324.htm
wbk325.htm
wbk326.htm
wbk327.htm
wbk328.htm
wbk329.htm
wbk330.htm
wbk331.htm
wbk332.htm
wbk333.htm
wbk334.htm
wbk335.htm
wbk336.htm
wbk337.htm
wbk338.htm
wbk339.htm
wbk340.htm
wbk341.htm
wbk342.htm
wbk343.htm
wbk344.htm
wbk345.htm
wbk346.htm
wbk347.htm
wbk348.htm
wbk349.htm
wbk350.htm
wbk351.htm
wbk352.htm
wbk353.htm
wbk354.htm
wbk355.htm
wbk356.htm
wbk357.htm
wbk358.htm
wbk359.htm
wbk360.htm
wbk361.htm
wbk362.htm
wbk363.htm
wbk364.htm
wbk365.htm
wbk366.htm
wbk367.htm
wbk368.htm
wbk369.htm
wbk370.htm
wbk371.htm
wbk372.htm
wbk373.htm
wbk374.htm
wbk375.htm
wbk376.htm
wbk377.htm
wbk378.htm
wbk379.htm
wbk380.htm
wbk381.htm
wbk382.htm
wbk383.htm
wbk384.htm
wbk385.htm
wbk386.htm
wbk387.htm
wbk388.htm
wbk389.htm
wbk390.htm
wbk391.htm
wbk392.htm
wbk393.htm
wbk394.htm
wbk395.htm
wbk396.htm
wbk397.htm
wbk398.htm
wbk399.htm
wbk400.htm
wbk401.htm
wbk402.htm
wbk403.htm
wbk404.htm
wbk405.htm
wbk406.htm
wbk407.htm
wbk408.htm
wbk409.htm
wbk410.htm
wbk411.htm
wbk412.htm
wbk413.htm
wbk414.htm
